<?xml version="1.0" encoding="UTF-8"?>
<OmniDataTransform xmlns="http://soap.sforce.com/2006/04/metadata">
    <active>false</active>
    <assignmentRulesUsed>false</assignmentRulesUsed>
    <deletedOnSuccess>false</deletedOnSuccess>
    <description>dc - Creates Assets</description>
    <errorIgnored>false</errorIgnored>
    <fieldLevelSecurityEnabled>false</fieldLevelSecurityEnabled>
    <inputType>JSON</inputType>
    <name>dcCreateAsset</name>
    <nullInputsIncludedInOutput>false</nullInputsIncludedInOutput>
    <omniDataTransformItem>
        <disabled>false</disabled>
        <filterGroup>0.0</filterGroup>
        <globalKey>dcCreateAssetCustom0jI8b0000004GC0EAMItem7</globalKey>
        <inputFieldName>AssetName</inputFieldName>
        <inputObjectQuerySequence>0.0</inputObjectQuerySequence>
        <linkedObjectSequence>0.0</linkedObjectSequence>
        <name>dcCreateAsset</name>
        <outputCreationSequence>1.0</outputCreationSequence>
        <outputFieldName>Name</outputFieldName>
        <outputObjectName>Asset</outputObjectName>
        <requiredForUpsert>false</requiredForUpsert>
        <upsertKey>false</upsertKey>
    </omniDataTransformItem>
    <omniDataTransformItem>
        <disabled>false</disabled>
        <filterGroup>0.0</filterGroup>
        <globalKey>dcCreateAssetCustom8548</globalKey>
        <inputFieldName>ContactId</inputFieldName>
        <inputObjectQuerySequence>0.0</inputObjectQuerySequence>
        <linkedObjectSequence>0.0</linkedObjectSequence>
        <name>dcCreateAsset</name>
        <outputCreationSequence>1.0</outputCreationSequence>
        <outputFieldName>ContactId</outputFieldName>
        <outputObjectName>Asset</outputObjectName>
        <requiredForUpsert>false</requiredForUpsert>
        <upsertKey>false</upsertKey>
    </omniDataTransformItem>
    <omniDataTransformItem>
        <disabled>true</disabled>
        <filterGroup>0.0</filterGroup>
        <filterOperator>=</filterOperator>
        <globalKey>dcCreateAssetCustom0jI8b0000004GC0EAMItem0</globalKey>
        <inputObjectQuerySequence>0.0</inputObjectQuerySequence>
        <linkedObjectSequence>0.0</linkedObjectSequence>
        <migrationValue>FAKEMAPPING</migrationValue>
        <name>dcCreateAsset</name>
        <outputCreationSequence>1.0</outputCreationSequence>
        <outputFieldName>Id</outputFieldName>
        <outputObjectName>Asset</outputObjectName>
        <requiredForUpsert>false</requiredForUpsert>
        <upsertKey>false</upsertKey>
    </omniDataTransformItem>
    <omniDataTransformItem>
        <disabled>false</disabled>
        <filterGroup>0.0</filterGroup>
        <globalKey>dcCreateAssetCustom0jI8b0000004GC0EAMItem1</globalKey>
        <inputFieldName>AccountId</inputFieldName>
        <inputObjectQuerySequence>0.0</inputObjectQuerySequence>
        <linkedObjectSequence>0.0</linkedObjectSequence>
        <name>dcCreateAsset</name>
        <outputCreationSequence>1.0</outputCreationSequence>
        <outputFieldName>AccountId</outputFieldName>
        <outputObjectName>Asset</outputObjectName>
        <requiredForUpsert>false</requiredForUpsert>
        <upsertKey>false</upsertKey>
    </omniDataTransformItem>
    <omniDataTransformItem>
        <disabled>false</disabled>
        <filterGroup>0.0</filterGroup>
        <globalKey>dcCreateAssetCustom0jI8b0000004GC0EAMItem2</globalKey>
        <inputFieldName>ProductId</inputFieldName>
        <inputObjectQuerySequence>0.0</inputObjectQuerySequence>
        <linkedObjectSequence>0.0</linkedObjectSequence>
        <name>dcCreateAsset</name>
        <outputCreationSequence>1.0</outputCreationSequence>
        <outputFieldName>Product2Id</outputFieldName>
        <outputObjectName>Asset</outputObjectName>
        <requiredForUpsert>false</requiredForUpsert>
        <upsertKey>false</upsertKey>
    </omniDataTransformItem>
    <omniDataTransformItem>
        <disabled>false</disabled>
        <filterGroup>0.0</filterGroup>
        <globalKey>dcCreateAssetCustom0jI8b0000004GC0EAMItem3</globalKey>
        <inputFieldName>InstallDate</inputFieldName>
        <inputObjectQuerySequence>0.0</inputObjectQuerySequence>
        <linkedObjectSequence>0.0</linkedObjectSequence>
        <name>dcCreateAsset</name>
        <outputCreationSequence>1.0</outputCreationSequence>
        <outputFieldName>InstallDate</outputFieldName>
        <outputObjectName>Asset</outputObjectName>
        <requiredForUpsert>false</requiredForUpsert>
        <upsertKey>false</upsertKey>
    </omniDataTransformItem>
    <omniDataTransformItem>
        <disabled>false</disabled>
        <filterGroup>0.0</filterGroup>
        <globalKey>dcCreateAssetCustom0jI8b0000004GC0EAMItem4</globalKey>
        <inputFieldName>PurchaseDate</inputFieldName>
        <inputObjectQuerySequence>0.0</inputObjectQuerySequence>
        <linkedObjectSequence>0.0</linkedObjectSequence>
        <name>dcCreateAsset</name>
        <outputCreationSequence>1.0</outputCreationSequence>
        <outputFieldName>PurchaseDate</outputFieldName>
        <outputObjectName>Asset</outputObjectName>
        <requiredForUpsert>false</requiredForUpsert>
        <upsertKey>false</upsertKey>
    </omniDataTransformItem>
    <omniDataTransformItem>
        <disabled>false</disabled>
        <filterGroup>0.0</filterGroup>
        <globalKey>dcCreateAssetCustom0jI8b0000004GC0EAMItem5</globalKey>
        <inputFieldName>SerialNumber</inputFieldName>
        <inputObjectQuerySequence>0.0</inputObjectQuerySequence>
        <linkedObjectSequence>0.0</linkedObjectSequence>
        <name>dcCreateAsset</name>
        <outputCreationSequence>1.0</outputCreationSequence>
        <outputFieldName>SerialNumber</outputFieldName>
        <outputObjectName>Asset</outputObjectName>
        <requiredForUpsert>false</requiredForUpsert>
        <upsertKey>false</upsertKey>
    </omniDataTransformItem>
    <omniDataTransformItem>
        <disabled>false</disabled>
        <filterGroup>0.0</filterGroup>
        <globalKey>dcCreateAssetCustom0jI8b0000004GC0EAMItem6</globalKey>
        <inputFieldName>RegStatus</inputFieldName>
        <inputObjectQuerySequence>0.0</inputObjectQuerySequence>
        <linkedObjectSequence>0.0</linkedObjectSequence>
        <name>dcCreateAsset</name>
        <outputCreationSequence>1.0</outputCreationSequence>
        <outputFieldName>Status</outputFieldName>
        <outputObjectName>Asset</outputObjectName>
        <requiredForUpsert>false</requiredForUpsert>
        <upsertKey>false</upsertKey>
    </omniDataTransformItem>
    <outputType>SObject</outputType>
    <previewJsonData>{
  &quot;AccountId&quot; : &quot;0015f000003hQiUAAU&quot;,
  &quot;AssetName&quot; : &quot;Test&quot;,
  &quot;SerialNumber&quot; : &quot;32432&quot;,
  &quot;RegStatus&quot; : &quot;Installed&quot;,
  &quot;PurchaseDate&quot; : &quot;08/22/2021&quot;,
  &quot;InstallDate&quot; : &quot;08/22/2021&quot;,
  &quot;ProductId&quot; : &quot;01t5f000000L4BeAAK&quot;
}</previewJsonData>
    <processSuperBulk>false</processSuperBulk>
    <responseCacheTtlMinutes>0.0</responseCacheTtlMinutes>
    <rollbackOnError>false</rollbackOnError>
    <sourceObject>json</sourceObject>
    <sourceObjectDefault>false</sourceObjectDefault>
    <synchronousProcessThreshold>0.0</synchronousProcessThreshold>
    <type>Load</type>
    <uniqueName>dcCreateAsset_1</uniqueName>
    <versionNumber>1.0</versionNumber>
    <xmlDeclarationRemoved>false</xmlDeclarationRemoved>
</OmniDataTransform>
