<?xml version="1.0" encoding="UTF-8"?>
<OmniDataTransform xmlns="http://soap.sforce.com/2006/04/metadata">
    <active>false</active>
    <assignmentRulesUsed>false</assignmentRulesUsed>
    <deletedOnSuccess>false</deletedOnSuccess>
    <errorIgnored>false</errorIgnored>
    <fieldLevelSecurityEnabled>false</fieldLevelSecurityEnabled>
    <inputType>JSON</inputType>
    <name>getOrderItemsfromOrder</name>
    <nullInputsIncludedInOutput>false</nullInputsIncludedInOutput>
    <omniDataTransformItem>
        <disabled>false</disabled>
        <filterGroup>0.0</filterGroup>
        <globalKey>getOrderItemsfromOrderCustom2198</globalKey>
        <inputFieldName>OrderItem:TotalPrice</inputFieldName>
        <inputObjectQuerySequence>0.0</inputObjectQuerySequence>
        <linkedObjectSequence>0.0</linkedObjectSequence>
        <name>getOrderItemsfromOrder</name>
        <outputCreationSequence>1.0</outputCreationSequence>
        <outputFieldName>TotalPrice</outputFieldName>
        <outputObjectName>json</outputObjectName>
        <requiredForUpsert>false</requiredForUpsert>
        <upsertKey>false</upsertKey>
    </omniDataTransformItem>
    <omniDataTransformItem>
        <disabled>false</disabled>
        <filterGroup>1.0</filterGroup>
        <filterOperator>=</filterOperator>
        <filterValue>OrderItemId</filterValue>
        <globalKey>getOrderItemsfromOrderCustom2358</globalKey>
        <inputFieldName>Id</inputFieldName>
        <inputObjectName>OrderItem</inputObjectName>
        <inputObjectQuerySequence>1.0</inputObjectQuerySequence>
        <linkedObjectSequence>0.0</linkedObjectSequence>
        <name>getOrderItemsfromOrder</name>
        <outputCreationSequence>0.0</outputCreationSequence>
        <outputFieldName>OrderItem</outputFieldName>
        <outputObjectName>json</outputObjectName>
        <requiredForUpsert>false</requiredForUpsert>
        <upsertKey>false</upsertKey>
    </omniDataTransformItem>
    <omniDataTransformItem>
        <disabled>false</disabled>
        <filterGroup>0.0</filterGroup>
        <globalKey>getOrderItemsfromOrderCustom9278</globalKey>
        <inputFieldName>OrderItem:UnitPrice</inputFieldName>
        <inputObjectQuerySequence>0.0</inputObjectQuerySequence>
        <linkedObjectSequence>0.0</linkedObjectSequence>
        <name>getOrderItemsfromOrder</name>
        <outputCreationSequence>1.0</outputCreationSequence>
        <outputFieldName>UnitPrice</outputFieldName>
        <outputObjectName>json</outputObjectName>
        <requiredForUpsert>false</requiredForUpsert>
        <upsertKey>false</upsertKey>
    </omniDataTransformItem>
    <omniDataTransformItem>
        <disabled>false</disabled>
        <filterGroup>0.0</filterGroup>
        <globalKey>getOrderItemsfromOrderCustom4977</globalKey>
        <inputFieldName>OrderItem:Product_Name__c</inputFieldName>
        <inputObjectQuerySequence>0.0</inputObjectQuerySequence>
        <linkedObjectSequence>0.0</linkedObjectSequence>
        <name>getOrderItemsfromOrder</name>
        <outputCreationSequence>1.0</outputCreationSequence>
        <outputFieldName>ProductName</outputFieldName>
        <outputObjectName>json</outputObjectName>
        <requiredForUpsert>false</requiredForUpsert>
        <upsertKey>false</upsertKey>
    </omniDataTransformItem>
    <omniDataTransformItem>
        <disabled>false</disabled>
        <filterGroup>0.0</filterGroup>
        <globalKey>getOrderItemsfromOrderCustom5660</globalKey>
        <inputFieldName>OrderItem:AvailableQuantity</inputFieldName>
        <inputObjectQuerySequence>0.0</inputObjectQuerySequence>
        <linkedObjectSequence>0.0</linkedObjectSequence>
        <name>getOrderItemsfromOrder</name>
        <outputCreationSequence>1.0</outputCreationSequence>
        <outputFieldName>AvailableQuantity</outputFieldName>
        <outputObjectName>json</outputObjectName>
        <requiredForUpsert>false</requiredForUpsert>
        <upsertKey>false</upsertKey>
    </omniDataTransformItem>
    <omniDataTransformItem>
        <disabled>false</disabled>
        <filterGroup>0.0</filterGroup>
        <globalKey>getOrderItemsfromOrderCustom8149</globalKey>
        <inputFieldName>OrderItem:Id</inputFieldName>
        <inputObjectQuerySequence>0.0</inputObjectQuerySequence>
        <linkedObjectSequence>0.0</linkedObjectSequence>
        <name>getOrderItemsfromOrder</name>
        <outputCreationSequence>1.0</outputCreationSequence>
        <outputFieldName>OrderItemId</outputFieldName>
        <outputObjectName>json</outputObjectName>
        <requiredForUpsert>false</requiredForUpsert>
        <upsertKey>false</upsertKey>
    </omniDataTransformItem>
    <omniDataTransformItem>
        <disabled>false</disabled>
        <filterGroup>0.0</filterGroup>
        <globalKey>getOrderItemsfromOrderCustom7988</globalKey>
        <inputFieldName>OrderItem:Quantity</inputFieldName>
        <inputObjectQuerySequence>0.0</inputObjectQuerySequence>
        <linkedObjectSequence>0.0</linkedObjectSequence>
        <name>getOrderItemsfromOrder</name>
        <outputCreationSequence>1.0</outputCreationSequence>
        <outputFieldName>Quantity</outputFieldName>
        <outputObjectName>json</outputObjectName>
        <requiredForUpsert>false</requiredForUpsert>
        <upsertKey>false</upsertKey>
    </omniDataTransformItem>
    <omniDataTransformItem>
        <disabled>false</disabled>
        <filterGroup>0.0</filterGroup>
        <globalKey>getOrderItemsfromOrderCustom9684</globalKey>
        <inputFieldName>OrderItem:CreatedDate</inputFieldName>
        <inputObjectQuerySequence>0.0</inputObjectQuerySequence>
        <linkedObjectSequence>0.0</linkedObjectSequence>
        <name>getOrderItemsfromOrder</name>
        <outputCreationSequence>1.0</outputCreationSequence>
        <outputFieldName>CreatedDate</outputFieldName>
        <outputObjectName>json</outputObjectName>
        <requiredForUpsert>false</requiredForUpsert>
        <upsertKey>false</upsertKey>
    </omniDataTransformItem>
    <omniDataTransformItem>
        <disabled>false</disabled>
        <filterGroup>0.0</filterGroup>
        <filterOperator>=</filterOperator>
        <filterValue>OrderId</filterValue>
        <globalKey>getOrderItemsfromOrderCustom2435</globalKey>
        <inputFieldName>OrderId</inputFieldName>
        <inputObjectName>OrderItem</inputObjectName>
        <inputObjectQuerySequence>1.0</inputObjectQuerySequence>
        <linkedObjectSequence>0.0</linkedObjectSequence>
        <name>getOrderItemsfromOrder</name>
        <outputCreationSequence>0.0</outputCreationSequence>
        <outputFieldName>OrderItem</outputFieldName>
        <outputObjectName>json</outputObjectName>
        <requiredForUpsert>false</requiredForUpsert>
        <upsertKey>false</upsertKey>
    </omniDataTransformItem>
    <outputType>JSON</outputType>
    <previewJsonData>{
  &quot;OrderId&quot; : &quot;8013y000007D8kdAAC&quot;,
  &quot;OrderItemId&quot; : &quot;&quot;
}</previewJsonData>
    <processSuperBulk>false</processSuperBulk>
    <responseCacheTtlMinutes>0.0</responseCacheTtlMinutes>
    <rollbackOnError>false</rollbackOnError>
    <sourceObject>json</sourceObject>
    <sourceObjectDefault>false</sourceObjectDefault>
    <synchronousProcessThreshold>0.0</synchronousProcessThreshold>
    <type>Extract</type>
    <uniqueName>getOrderItemsfromOrder_1</uniqueName>
    <versionNumber>1.0</versionNumber>
    <xmlDeclarationRemoved>false</xmlDeclarationRemoved>
</OmniDataTransform>
